<?xml version="1.0" encoding="UTF-8"?>
<!-- Generated by org.testng.reporters.JUnitReportReporter -->
<testsuite hostname="LTIN517375" failures="0" tests="10" name="testCases.TC_001_GumTree" time="113.904" errors="0" timestamp="2024-05-08T02:32:07 IST" skipped="0">
  <testcase classname="testCases.TC_001_GumTree" name="login" time="37.570"/>
  <testcase classname="testCases.TC_001_GumTree" name="getCarDetails" time="18.214"/>
  <testcase classname="testCases.TC_001_GumTree" name="adSearch" time="4.292"/>
  <testcase classname="testCases.TC_001_GumTree" name="adDetails" time="17.419"/>
  <testcase classname="testCases.TC_001_GumTree" name="profileVerification" time="7.915"/>
  <testcase classname="testCases.TC_001_GumTree" name="favouriteAds" time="8.581"/>
  <testcase classname="testCases.TC_001_GumTree" name="MyDetails" time="3.081"/>
  <testcase classname="testCases.TC_001_GumTree" name="AboutGumtree" time="7.159"/>
  <testcase classname="testCases.TC_001_GumTree" name="logout" time="3.143"/>
  <testcase classname="testCases.TC_001_GumTree" name="InValidLogin" time="6.530"/>
</testsuite> <!-- testCases.TC_001_GumTree -->
